Batalla número: 0
combate número: 0
caballero:  7
soldado:  2.5
combate número: 1
caballero:  4
soldado:  -5.0
Daño al jugador: 
Daño al jugador: 
El jugador jack recibe un ataque de caballero y le causa 5 puntos de daño
Batalla número: 1
Daño al jugador: 
Daño al jugador: 
El jugador jack recibe un ataque de caballero y le causa 5 puntos de daño
El jugador jack recibe un ataque de soldado y le causa 3 puntos de daño
El jugador jack recibe un ataque de soldado y le causa 3 puntos de daño
Batalla número: 2
Daño al jugador: 
Daño al jugador: 
El jugador jack recibe un ataque de caballero y le causa 5 puntos de daño
El jugador jack recibe un ataque de soldado y le causa 3 puntos de daño
El jugador jack recibe un ataque de soldado y le causa 3 puntos de daño
